#
# There is insufficient memory for the Java Runtime Environment to continue.
# Native memory allocation (mmap) failed to map 264241152 bytes for Failed to commit area from 0x0000000704000000 to 0x0000000713c00000 of length 264241152.
# Possible reasons:
#   The system is out of physical RAM or swap space
#   The process is running with CompressedOops enabled, and the Java Heap may be blocking the growth of the native heap
# Possible solutions:
#   Reduce memory load on the system
#   Increase physical memory or swap space
#   Check if swap backing store is full
#   Decrease Java heap size (-Xmx/-Xms)
#   Decrease number of Java threads
#   Decrease Java thread stack sizes (-Xss)
#   Set larger code cache with -XX:ReservedCodeCacheSize=
# This output file may be truncated or incomplete.
#
#  Out of Memory Error (c:/BuildAgent/work/1eae4dac1d648407/src/hotspot/os/windows/os_windows.cpp:3296), pid=8532, tid=22452
#
# JRE version:  (11.0.6+8) (build )
# Java VM: OpenJDK 64-Bit Server VM (11.0.6+8-b765.25, mixed mode, sharing, tiered, compressed oops, g1 gc, windows-amd64)
# No core dump will be written. Minidumps are not enabled by default on client versions of Windows
#

---------------  S U M M A R Y ------------

Command Line: org.jetbrains.git4idea.http.GitAskPassApp Username for 'https://github.com': 

Host: 11th Gen Intel(R) Core(TM) i7-1165G7 @ 2.80GHz, 8 cores, 15G,  Windows 10 , 64 bit Build 22621 (10.0.22621.3958)
Time: Tue Sep 10 13:19:40 2024 Bangladesh Standard Time elapsed time: 0 seconds (0d 0h 0m 0s)

---------------  T H R E A D  ---------------

Current thread (0x00000226626b0000):  JavaThread "Unknown thread" [_thread_in_vm, id=22452, stack(0x000000a691900000,0x000000a691a00000)]

Stack: [0x000000a691900000,0x000000a691a00000]
Native frames: (J=compiled Java code, j=interpreted, Vv=VM code, C=native code)
V  [jvm.dll+0x5de3ca]
V  [jvm.dll+0x710ae5]
V  [jvm.dll+0x712005]
V  [jvm.dll+0x7126b3]
V  [jvm.dll+0x23e708]
V  [jvm.dll+0x5db874]
V  [jvm.dll+0x5d0aa5]
V  [jvm.dll+0x2fb0fb]
V  [jvm.dll+0x2fb06a]
V  [jvm.dll+0x2faf42]
V  [jvm.dll+0x2ffe16]
V  [jvm.dll+0x348723]
V  [jvm.dll+0x348e26]
V  [jvm.dll+0x348823]
V  [jvm.dll+0x2d58a8]
V  [jvm.dll+0x2d6a47]
V  [jvm.dll+0x6ef917]
V  [jvm.dll+0x6f110c]
V  [jvm.dll+0x355d69]
V  [jvm.dll+0x6d4afe]
V  [jvm.dll+0x3bf3d3]
V  [jvm.dll+0x3c1921]
C  [jli.dll+0x5363]
C  [ucrtbase.dll+0x29333]
C  [KERNEL32.DLL+0x1257d]
C  [ntdll.dll+0x5af28]


---------------  P R O C E S S  ---------------

Threads class SMR info:
_java_thread_list=0x0000022660566dd0, length=0, elements={
}

Java Threads: ( => current thread )

Other Threads:
  0x00000226626c9000 GCTaskThread "GC Thread#0" [stack: 0x000000a691a00000,0x000000a691b00000] [id=18668]
  0x0000022662723000 ConcurrentGCThread "G1 Main Marker" [stack: 0x000000a691b00000,0x000000a691c00000] [id=19468]
  0x0000022662725800 ConcurrentGCThread "G1 Conc#0" [stack: 0x000000a691c00000,0x000000a691d00000] [id=6772]

[error occurred during error reporting (printing all threads), id 0xc0000005, EXCEPTION_ACCESS_VIOLATION (0xc0000005) at pc=0x00007ffde5ce6227]

VM state:not at safepoint (not fully initialized)

VM Mutex/Monitor currently owned by a thread:  ([mutex/lock_event])
[0x00000226626ac6e0] Heap_lock - owner thread: 0x00000226626b0000

Heap address: 0x0000000704000000, size: 4032 MB, Compressed Oops mode: Non-zero based: 0x0000000704000000
Narrow klass base: 0x0000000000000000, Narrow klass shift: 0

GC Heap History (0 events):
No events

Deoptimization events (0 events):
No events

Classes redefined (0 events):
No events

Internal exceptions (0 events):
No events

Events (2 events):
Event: 0.004 Loaded shared library C:\Program Files\JetBrains\PhpStorm 2020.1\jbr\bin\zip.dll
Event: 0.005 Loaded shared library C:\Program Files\JetBrains\PhpStorm 2020.1\jbr\bin\jimage.dll


Dynamic libraries:
0x00007ff6c8b00000 - 0x00007ff6c8b0a000 	C:\Program Files\JetBrains\PhpStorm 2020.1\jbr\bin\java.exe
0x00007ffe82bb0000 - 0x00007ffe82dc7000 	C:\WINDOWS\SYSTEM32\ntdll.dll
0x00007ffe81500000 - 0x00007ffe815c4000 	C:\WINDOWS\System32\KERNEL32.DLL
0x00007ffe80040000 - 0x00007ffe803ed000 	C:\WINDOWS\System32\KERNELBASE.dll
0x00007ffe804d0000 - 0x00007ffe805e1000 	C:\WINDOWS\System32\ucrtbase.dll
0x00007ffe6e8f0000 - 0x00007ffe6e907000 	C:\Program Files\JetBrains\PhpStorm 2020.1\jbr\bin\VCRUNTIME140.dll
0x00007ffe69310000 - 0x00007ffe69329000 	C:\Program Files\JetBrains\PhpStorm 2020.1\jbr\bin\jli.dll
0x00007ffe82900000 - 0x00007ffe82aae000 	C:\WINDOWS\System32\USER32.dll
0x00007ffe80470000 - 0x00007ffe80496000 	C:\WINDOWS\System32\win32u.dll
0x00007ffe6eb90000 - 0x00007ffe6ee23000 	C:\WINDOWS\WinSxS\amd64_microsoft.windows.common-controls_6595b64144ccf1df_6.0.22621.3672_none_2713b9d173822955\COMCTL32.dll
0x00007ffe808e0000 - 0x00007ffe80909000 	C:\WINDOWS\System32\GDI32.dll
0x00007ffe806b0000 - 0x00007ffe807c9000 	C:\WINDOWS\System32\gdi32full.dll
0x00007ffe80c70000 - 0x00007ffe80d17000 	C:\WINDOWS\System32\msvcrt.dll
0x00007ffe80840000 - 0x00007ffe808da000 	C:\WINDOWS\System32\msvcp_win.dll
0x00007ffe828c0000 - 0x00007ffe828f1000 	C:\WINDOWS\System32\IMM32.DLL
0x00007ffe32bb0000 - 0x00007ffe32c4d000 	C:\Program Files\JetBrains\PhpStorm 2020.1\jbr\bin\msvcp140.dll
0x00007ffde5a00000 - 0x00007ffde64bd000 	C:\Program Files\JetBrains\PhpStorm 2020.1\jbr\bin\server\jvm.dll
0x00007ffe815d0000 - 0x00007ffe81682000 	C:\WINDOWS\System32\ADVAPI32.dll
0x00007ffe80d20000 - 0x00007ffe80dc9000 	C:\WINDOWS\System32\sechost.dll
0x00007ffe804a0000 - 0x00007ffe804c8000 	C:\WINDOWS\System32\bcrypt.dll
0x00007ffe82480000 - 0x00007ffe82594000 	C:\WINDOWS\System32\RPCRT4.dll
0x00007ffe80ae0000 - 0x00007ffe80ae8000 	C:\WINDOWS\System32\PSAPI.DLL
0x00007ffe7cd80000 - 0x00007ffe7cdb4000 	C:\WINDOWS\SYSTEM32\WINMM.dll
0x00007ffe77530000 - 0x00007ffe7753a000 	C:\WINDOWS\SYSTEM32\VERSION.dll
0x00007ffe7a980000 - 0x00007ffe7a989000 	C:\WINDOWS\SYSTEM32\WSOCK32.dll
0x00007ffe82390000 - 0x00007ffe82401000 	C:\WINDOWS\System32\WS2_32.dll
0x00007ffe7efb0000 - 0x00007ffe7efc8000 	C:\WINDOWS\SYSTEM32\kernel.appcore.dll
0x00007ffe74620000 - 0x00007ffe74631000 	C:\Program Files\JetBrains\PhpStorm 2020.1\jbr\bin\verify.dll
0x00007ffe7d6f0000 - 0x00007ffe7d922000 	C:\WINDOWS\SYSTEM32\DBGHELP.DLL
0x00007ffe81090000 - 0x00007ffe8141d000 	C:\WINDOWS\System32\combase.dll
0x00007ffe81420000 - 0x00007ffe814f7000 	C:\WINDOWS\System32\OLEAUT32.dll
0x00007ffe7cd40000 - 0x00007ffe7cd72000 	C:\WINDOWS\SYSTEM32\dbgcore.DLL
0x00007ffe803f0000 - 0x00007ffe8046b000 	C:\WINDOWS\System32\bcryptPrimitives.dll
0x00007ffe3e640000 - 0x00007ffe3e669000 	C:\Program Files\JetBrains\PhpStorm 2020.1\jbr\bin\java.dll
0x00007ffe40260000 - 0x00007ffe40278000 	C:\Program Files\JetBrains\PhpStorm 2020.1\jbr\bin\zip.dll
0x00007ffe6e8e0000 - 0x00007ffe6e8eb000 	C:\Program Files\JetBrains\PhpStorm 2020.1\jbr\bin\jimage.dll

dbghelp: loaded successfully - version: 4.0.5 - missing functions: none
symbol engine: initialized successfully - sym options: 0x614 - pdb path: .;C:\Program Files\JetBrains\PhpStorm 2020.1\jbr\bin;C:\WINDOWS\SYSTEM32;C:\WINDOWS\WinSxS\amd64_microsoft.windows.common-controls_6595b64144ccf1df_6.0.22621.3672_none_2713b9d173822955;C:\Program Files\JetBrains\PhpStorm 2020.1\jbr\bin\server

VM Arguments:
java_command: org.jetbrains.git4idea.http.GitAskPassApp Username for 'https://github.com': 
java_class_path (initial): C:/Program Files/JetBrains/PhpStorm 2020.1/plugins/git4idea/lib/git4idea-rt.jar;C:/Program Files/JetBrains/PhpStorm 2020.1/lib/xmlrpc-2.0.1.jar;C:/Program Files/JetBrains/PhpStorm 2020.1/lib/commons-codec-1.14.jar;C:/Program Files/JetBrains/PhpStorm 2020.1/lib/util.jar
Launcher Type: SUN_STANDARD

[Global flags]
     intx CICompilerCount                          = 4                                         {product} {ergonomic}
     uint ConcGCThreads                            = 2                                         {product} {ergonomic}
     uint G1ConcRefinementThreads                  = 8                                         {product} {ergonomic}
   size_t G1HeapRegionSize                         = 1048576                                   {product} {ergonomic}
    uintx GCDrainStackTargetSize                   = 64                                        {product} {ergonomic}
   size_t InitialHeapSize                          = 264241152                                 {product} {ergonomic}
   size_t MarkStackSize                            = 4194304                                   {product} {ergonomic}
   size_t MaxHeapSize                              = 4227858432                                {product} {ergonomic}
   size_t MinHeapDeltaBytes                        = 1048576                                   {product} {ergonomic}
    uintx NonNMethodCodeHeapSize                   = 5836300                                {pd product} {ergonomic}
    uintx NonProfiledCodeHeapSize                  = 122910970                              {pd product} {ergonomic}
    uintx ProfiledCodeHeapSize                     = 122910970                              {pd product} {ergonomic}
    uintx ReservedCodeCacheSize                    = 251658240                              {pd product} {ergonomic}
     bool SegmentedCodeCache                       = true                                      {product} {ergonomic}
     bool UseCompressedClassPointers               = true                                 {lp64_product} {ergonomic}
     bool UseCompressedOops                        = true                                 {lp64_product} {ergonomic}
     bool UseG1GC                                  = true                                      {product} {ergonomic}
     bool UseLargePagesIndividualAllocation        = false                                  {pd product} {ergonomic}

Logging:
Log output configuration:
 #0: stdout all=warning uptime,level,tags
 #1: stderr all=off uptime,level,tags

Environment Variables:
JAVA_HOME=C:\Program Files\Java\jdk-17
PATH=C:\Program Files\Git\mingw64\libexec\git-core;C:\Program Files\Git\mingw64\libexec\git-core;C:\Program Files\Git\mingw64\bin;C:\Program Files\Git\usr\bin;C:\Users\DELL-PC\bin;C:\Program Files\Common Files\Oracle\Java\javapath;C:\Program Files (x86)\Common Files\Oracle\Java\javapath;C:\WINDOWS\system32;C:\WINDOWS;C:\WINDOWS\System32\Wbem;C:\WINDOWS\System32\WindowsPowerShell\v1.0;C:\WINDOWS\System32\OpenSSH;D:\php_server_7_4\apache;D:\php_server_7_4\php;D:\php_server_7_4\apache\bin;D:\php_server_7_4\php\php.exe;C:\composer;C:\Program Files\Git\cmd;C:\Program Files\TortoiseSVN\bin;D:\Software\Oracle\instantclient_12_1;C:\Program Files\SlikSvn\bin;C:\ProgramData\chocolatey\bin;C:\Users\DELL-PC\AppData\Roaming\nvm;C:\Program Files\nodejs;C:\Program Files (x86)\Microsoft SQL Server\150\DTS\Binn;C:\Program Files\Azure Data Studio\bin;C:\Program Files\dotnet;C:\Program Files\Java\jdk-17\bin;C:\Program Files (x86)\NVIDIA Corporation\PhysX\Common;C:\Program Files (x86)\PuTTY;C:\Users\DELL-PC\AppData\Local\Microsoft\WindowsApps;C:\Program Files\JetBrains\PhpStorm 2020.1\bin;C:\Users\DELL-PC\AppData\Roaming\Composer\vendor\bin;C:\Users\DELL-PC\AppData\Local\Programs\Microsoft VS Code\bin;C:\Users\DELL-PC\AppData\Roaming\npm;C:\Users\DELL-PC\AppData\Roaming\nvm;C:\Program Files\nodejs;C:\Program Files\Azure Data Studio\bin
USERNAME=1004000044
DISPLAY=:0.0
OS=Windows_NT
PROCESSOR_IDENTIFIER=Intel64 Family 6 Model 140 Stepping 1, GenuineIntel



---------------  S Y S T E M  ---------------

OS: Windows 10 , 64 bit Build 22621 (10.0.22621.3958)
HyperV virtualization detected

CPU:total 8 (initial active 8) (4 cores per cpu, 2 threads per core) family 6 model 140 stepping 1, cmov, cx8, fxsr, mmx, sse, sse2, sse3, ssse3, sse4.1, sse4.2, popcnt, avx, avx2, aes, clmul, erms, 3dnowpref, lzcnt, ht, tsc, tscinvbit, bmi1, bmi2, adx, evex, sha, fma

Memory: 4k page, system-wide physical 16126M (3811M free)
TotalPageFile size 45924M (AvailPageFile size 68M)
current process WorkingSet (physical memory assigned to process): 11M, peak: 11M
current process commit charge ("private bytes"): 60M, peak: 312M

vm_info: OpenJDK 64-Bit Server VM (11.0.6+8-b765.25) for windows-amd64 JRE (11.0.6+8-b765.25), built on Mar 30 2020 12:57:22 by "" with MS VC++ 14.0 (VS2015)

END.
